Note: switching to 'b25eac6244ab17bbee7827b141cfb261b0bb9e19'.
You are in 'detached HEAD' state. You can look around, make experimental
changes and commit them, and you can discard any commits you make in this
state without impacting any branches by switching back to a branch.
If you want to create a new branch to retain commits you create, you may
do so (now or later) by using -c with the switch command. Example:
  git switch -c <new-branch-name>
Or undo this operation with:
  git switch -
Turn off this advice by setting config variable advice.detachedHead to false
HEAD is now at b25eac6 Freeze sweep: TTT_FREEZE_BLOCKS=0 (all blocks trainable)
Warning: You are sending unauthenticated requests to the HF Hub. Please set a HF_TOKEN to enable higher rate limits and faster downloads.
W0404 05:44:49.621000 1 torch/distributed/run.py:803] 
W0404 05:44:49.621000 1 torch/distributed/run.py:803] *****************************************
W0404 05:44:49.621000 1 torch/distributed/run.py:803] Setting OMP_NUM_THREADS environment variable for each process to be 1 in default, to avoid your system being overloaded, please further tune the variable for optimal performance in your application as needed. 
logs/18d150f5-478b-4419-b0af-65ecfb24cfca.txt
val_bpb:enabled tokenizer_kind=sentencepiece tokenizer_path=./tokenizers/fineweb_1024_bpe.model
train_loader:dataset:fineweb10B_sp1024 train_shards:80
val_loader:shards pattern=./datasets/fineweb10B_sp1024/fineweb_val_*.bin tokens:62021632
model_params:26993756
mtp_num_heads:0 mtp_loss_weight:0.2 mtp_params:0
XSA:last_11 active_layers:[0, 1, 2, 3, 4, 5, 6, 7, 8, 9, 10]
world_size:8 grad_accum_steps:1
sdp_backends:cudnn=False flash=True mem_efficient=False math=False
attention_mode:gqa num_heads:8 num_kv_heads:4
tie_embeddings:True embed_lr:0.035 head_lr:0.0 matrix_lr:0.025 scalar_lr:0.025
train_batch_tokens:786432 train_seq_len:2048 iterations:20000 warmup_steps:20 max_wallclock_seconds:600.000
seed:1337
warmup_step:1/20
warmup_step:2/20
warmup_step:3/20
warmup_step:4/20
warmup_step:5/20
warmup_step:6/20
warmup_step:7/20
warmup_step:8/20
warmup_step:9/20
warmup_step:10/20
warmup_step:11/20
warmup_step:12/20
warmup_step:13/20
warmup_step:14/20
warmup_step:15/20
warmup_step:16/20
warmup_step:17/20
warmup_step:18/20
warmup_step:19/20
warmup_step:20/20
step:0/20000 val_loss:6.9309 val_bpb:4.1049 train_time:0ms step_avg:0.02ms
step:1/20000 train_loss:6.9317 train_time:148ms step_avg:147.60ms
step:2/20000 train_loss:8.6895 train_time:182ms step_avg:91.09ms
step:3/20000 train_loss:7.5463 train_time:263ms step_avg:87.71ms
step:4/20000 train_loss:7.3016 train_time:348ms step_avg:87.00ms
step:5/20000 train_loss:7.2568 train_time:433ms step_avg:86.52ms
step:6/20000 train_loss:7.0856 train_time:518ms step_avg:86.31ms
step:7/20000 train_loss:6.8955 train_time:602ms step_avg:86.05ms
step:8/20000 train_loss:6.7845 train_time:686ms step_avg:85.79ms
step:9/20000 train_loss:6.4085 train_time:770ms step_avg:85.59ms
step:10/20000 train_loss:6.0315 train_time:855ms step_avg:85.49ms
step:500/20000 train_loss:2.3751 train_time:43144ms step_avg:86.29ms
step:1000/20000 train_loss:2.2521 train_time:86641ms step_avg:86.64ms
step:1500/20000 train_loss:2.2035 train_time:130107ms step_avg:86.74ms
step:2000/20000 train_loss:2.0465 train_time:173598ms step_avg:86.80ms
step:2500/20000 train_loss:2.1493 train_time:217168ms step_avg:86.87ms
step:3000/20000 train_loss:2.1422 train_time:260722ms step_avg:86.91ms
step:3500/20000 train_loss:2.1504 train_time:304268ms step_avg:86.93ms
step:4000/20000 train_loss:1.9447 train_time:347786ms step_avg:86.95ms
step:4000/20000 val_loss:2.0355 val_bpb:1.2056 train_time:347843ms step_avg:86.96ms
step:4500/20000 train_loss:2.0956 train_time:391295ms step_avg:86.95ms
step:5000/20000 train_loss:2.0756 train_time:434819ms step_avg:86.96ms
step:5500/20000 train_loss:1.9960 train_time:478356ms step_avg:86.97ms
step:6000/20000 train_loss:1.9193 train_time:521873ms step_avg:86.98ms
swa:start step:6100
late_qat:enabled step:6292 scale:0.1499
step:6500/20000 train_loss:2.0589 train_time:566278ms step_avg:87.12ms
step:6878/20000 val_loss:1.9184 val_bpb:1.1362 train_time:600135ms step_avg:87.25ms
stopping_early: wallclock_cap train_time:600135ms step:6878/20000
peak memory allocated: 22860 MiB reserved: 23042 MiB
ema:applying EMA weights
DIAGNOSTIC post_ema val_loss:1.9168 val_bpb:1.1352 eval_time:2085ms
dttt:start lr=0.0005 epochs=10 freeze_blocks=0 cosine_decay=True
dttt:params trainable=26993756 frozen=0 groups=12 lr_range=[0.000150, 0.000500]
dttt:epoch 1/10 loss:1.9355 time:19.0s
dttt:epoch 2/10 loss:1.9105 time:37.7s
dttt:epoch 3/10 loss:1.8992 time:56.3s
dttt:epoch 4/10 loss:1.8889 time:75.0s
dttt:epoch 5/10 loss:1.8797 time:93.7s
dttt:epoch 6/10 loss:1.8714 time:112.4s
dttt:epoch 7/10 loss:1.8641 time:131.1s
dttt:epoch 8/10 loss:1.8580 time:149.8s
dttt:epoch 9/10 loss:1.8533 time:168.5s
dttt:epoch 10/10 loss:1.8502 time:187.1s
dttt:done elapsed=187.1s
dttt:elapsed=187.1s
DIAGNOSTIC post_ttt val_loss:1.8474 val_bpb:1.0941 eval_time:6083ms
Serialized model: 106158518 bytes
Code size: 113383 bytes
gptq:building non-banked model for Hessian collection...
gptq:collecting hessians from training data (256 batches)...
gptq:collected hessians for 68 layers (training data)
selective_prune: 4206642 ±1 candidates, unpruned=15.08MB target=15.9MB
selective_prune: already fits, no pruning needed
Serialized model int6+lzma: 15701960 bytes
Total submission size int6+lzma: 15815343 bytes
final_int6_roundtrip val_loss:1.8566 val_bpb:1.0996 eval_time:22923ms
final_int6_roundtrip_exact val_loss:1.85659708 val_bpb:1.09958137
final_int6_sliding_window val_loss:1.8241 val_bpb:1.0803 stride:64 eval_time:112419ms
final_int6_sliding_window_exact val_loss:1.82409787 val_bpb:1.08033637
final_int8_zlib_roundtrip_exact val_loss:1.82409787 val_bpb:1.08033637
