Note: switching to '6c0811f3d361bdc014b69ad3a8a2b7a669bb95ea'.
You are in 'detached HEAD' state. You can look around, make experimental
changes and commit them, and you can discard any commits you make in this
state without impacting any branches by switching back to a branch.
If you want to create a new branch to retain commits you create, you may
do so (now or later) by using -c with the switch command. Example:
  git switch -c <new-branch-name>
Or undo this operation with:
  git switch -
Turn off this advice by setting config variable advice.detachedHead to false
HEAD is now at 6c0811f Seed=42 variance check on dTTT + freeze=0 (best Track A)
Warning: You are sending unauthenticated requests to the HF Hub. Please set a HF_TOKEN to enable higher rate limits and faster downloads.
W0404 06:08:18.922000 1 torch/distributed/run.py:803] 
W0404 06:08:18.922000 1 torch/distributed/run.py:803] *****************************************
W0404 06:08:18.922000 1 torch/distributed/run.py:803] Setting OMP_NUM_THREADS environment variable for each process to be 1 in default, to avoid your system being overloaded, please further tune the variable for optimal performance in your application as needed. 
logs/d96ef8ce-9531-480f-b654-f8a00236d8fe.txt
val_bpb:enabled tokenizer_kind=sentencepiece tokenizer_path=./tokenizers/fineweb_1024_bpe.model
train_loader:dataset:fineweb10B_sp1024 train_shards:80
val_loader:shards pattern=./datasets/fineweb10B_sp1024/fineweb_val_*.bin tokens:62021632
model_params:26993756
mtp_num_heads:0 mtp_loss_weight:0.2 mtp_params:0
XSA:last_11 active_layers:[0, 1, 2, 3, 4, 5, 6, 7, 8, 9, 10]
world_size:8 grad_accum_steps:1
sdp_backends:cudnn=False flash=True mem_efficient=False math=False
attention_mode:gqa num_heads:8 num_kv_heads:4
tie_embeddings:True embed_lr:0.035 head_lr:0.0 matrix_lr:0.025 scalar_lr:0.025
train_batch_tokens:786432 train_seq_len:2048 iterations:20000 warmup_steps:20 max_wallclock_seconds:600.000
seed:42
warmup_step:1/20
warmup_step:2/20
warmup_step:3/20
warmup_step:4/20
warmup_step:5/20
warmup_step:6/20
warmup_step:7/20
warmup_step:8/20
warmup_step:9/20
warmup_step:10/20
warmup_step:11/20
warmup_step:12/20
warmup_step:13/20
warmup_step:14/20
warmup_step:15/20
warmup_step:16/20
warmup_step:17/20
warmup_step:18/20
warmup_step:19/20
warmup_step:20/20
step:0/20000 val_loss:6.9297 val_bpb:4.1042 train_time:0ms step_avg:0.02ms
step:1/20000 train_loss:6.9319 train_time:142ms step_avg:141.96ms
step:2/20000 train_loss:8.6619 train_time:177ms step_avg:88.46ms
step:3/20000 train_loss:7.5828 train_time:258ms step_avg:85.98ms
step:4/20000 train_loss:7.3372 train_time:343ms step_avg:85.65ms
step:5/20000 train_loss:7.2646 train_time:426ms step_avg:85.26ms
step:6/20000 train_loss:7.0686 train_time:510ms step_avg:85.01ms
step:7/20000 train_loss:6.8794 train_time:594ms step_avg:84.89ms
step:8/20000 train_loss:6.8226 train_time:678ms step_avg:84.70ms
step:9/20000 train_loss:6.4803 train_time:761ms step_avg:84.59ms
step:10/20000 train_loss:6.0530 train_time:845ms step_avg:84.53ms
step:500/20000 train_loss:2.3901 train_time:43006ms step_avg:86.01ms
step:1000/20000 train_loss:2.2588 train_time:86496ms step_avg:86.50ms
step:1500/20000 train_loss:2.2025 train_time:129840ms step_avg:86.56ms
step:2000/20000 train_loss:2.0457 train_time:173408ms step_avg:86.70ms
step:2500/20000 train_loss:2.1518 train_time:216881ms step_avg:86.75ms
step:3000/20000 train_loss:2.1431 train_time:260477ms step_avg:86.83ms
step:3500/20000 train_loss:2.1548 train_time:304023ms step_avg:86.86ms
step:4000/20000 train_loss:1.9470 train_time:347526ms step_avg:86.88ms
step:4000/20000 val_loss:2.0358 val_bpb:1.2057 train_time:347583ms step_avg:86.90ms
step:4500/20000 train_loss:2.0972 train_time:391036ms step_avg:86.90ms
step:5000/20000 train_loss:2.0778 train_time:434548ms step_avg:86.91ms
step:5500/20000 train_loss:1.9950 train_time:477993ms step_avg:86.91ms
step:6000/20000 train_loss:1.9205 train_time:521480ms step_avg:86.91ms
swa:start step:6150
late_qat:enabled step:6300 scale:0.1497
step:6500/20000 train_loss:2.0593 train_time:565530ms step_avg:87.00ms
step:6889/20000 val_loss:1.9187 val_bpb:1.1364 train_time:600089ms step_avg:87.11ms
stopping_early: wallclock_cap train_time:600089ms step:6889/20000
peak memory allocated: 22860 MiB reserved: 23042 MiB
ema:applying EMA weights
DIAGNOSTIC post_ema val_loss:1.9171 val_bpb:1.1354 eval_time:2092ms
dttt:start lr=0.0005 epochs=10 freeze_blocks=0 cosine_decay=True
dttt:params trainable=26993756 frozen=0 groups=12 lr_range=[0.000150, 0.000500]
dttt:epoch 1/10 loss:1.9367 time:18.9s
dttt:epoch 2/10 loss:1.9110 time:37.4s
dttt:epoch 3/10 loss:1.8995 time:56.0s
dttt:epoch 4/10 loss:1.8893 time:74.6s
dttt:epoch 5/10 loss:1.8801 time:93.2s
dttt:epoch 6/10 loss:1.8717 time:111.7s
dttt:epoch 7/10 loss:1.8646 time:130.3s
dttt:epoch 8/10 loss:1.8583 time:148.9s
dttt:epoch 9/10 loss:1.8536 time:167.4s
dttt:epoch 10/10 loss:1.8505 time:186.0s
dttt:done elapsed=186.0s
dttt:elapsed=186.0s
DIAGNOSTIC post_ttt val_loss:1.8477 val_bpb:1.0943 eval_time:6047ms
Serialized model: 106158518 bytes
Code size: 113381 bytes
gptq:building non-banked model for Hessian collection...
gptq:collecting hessians from training data (256 batches)...
gptq:collected hessians for 68 layers (training data)
selective_prune: 4200111 ±1 candidates, unpruned=15.08MB target=15.9MB
selective_prune: already fits, no pruning needed
Serialized model int6+lzma: 15697116 bytes
Total submission size int6+lzma: 15810497 bytes
final_int6_roundtrip val_loss:1.8570 val_bpb:1.0998 eval_time:23001ms
final_int6_roundtrip_exact val_loss:1.85698413 val_bpb:1.09981060
final_int6_sliding_window val_loss:1.8243 val_bpb:1.0805 stride:64 eval_time:112309ms
final_int6_sliding_window_exact val_loss:1.82431673 val_bpb:1.08046598
final_int8_zlib_roundtrip_exact val_loss:1.82431673 val_bpb:1.08046598
