From https://github.com/resouer/parameter-golf
 * branch            submission/r10-packed -> FETCH_HEAD
Note: switching to '30313f4091c56dc9b307db986433a927276a9248'.
You are in 'detached HEAD' state. You can look around, make experimental
changes and commit them, and you can discard any commits you make in this
state without impacting any branches by switching back to a branch.
If you want to create a new branch to retain commits you create, you may
do so (now or later) by using -c with the switch command. Example:
  git switch -c <new-branch-name>
Or undo this operation with:
  git switch -
Turn off this advice by setting config variable advice.detachedHead to false
HEAD is now at 30313f4 R10 W3 packed submission code (15798 bytes)
data_setup: vocab=8192 shards=128
Warning: You are sending unauthenticated requests to the HF Hub. Please set a HF_TOKEN to enable higher rate limits and faster downloads.
W0406 07:16:13.664000 1 torch/distributed/run.py:803] 
W0406 07:16:13.664000 1 torch/distributed/run.py:803] *****************************************
W0406 07:16:13.664000 1 torch/distributed/run.py:803] Setting OMP_NUM_THREADS environment variable for each process to be 1 in default, to avoid your system being overloaded, please further tune the variable for optimal performance in your application as needed. 
Hyperparameters:
  adam_eps: 1e-08
  adam_wd: 0.02
  beta1: 0.9
  beta2: 0.95
  compressor: brotli
  data_dir: ./data/
  datasets_dir: ./data/datasets/fineweb10B_sp8192
  distributed: True
  ema_decay: 0.997
  embed_bits: 8
  embed_clip_sigmas: 20.0
  embed_lr: 0.6
  embed_wd: 0.085
  embedding_dim: 512
  enable_looping_at: 0.5
  eval_seq_len: 2048
  eval_stride: 64
  gptq_calibration_batches: 64
  gptq_reserve_seconds: 12.0
  grad_accum_steps: 1
  grad_clip_norm: 0.3
  head_lr: 0.008
  is_main_process: True
  iterations: 20000
  ln_scale: True
  local_rank: 0
  logfile: logs/98bb7cd6-1d43-4167-bcc9-19200d6d7fb2.txt
  logit_softcap: 30.0
  loop_end: 5
  loop_start: 4
  matrix_bits: 6
  matrix_clip_sigmas: 12.85
  matrix_lr: 0.02
  max_wallclock_seconds: 600.0
  min_lr: 0.0
  mlp_mult: 4.0
  model_dim: 512
  model_path: final_model.pt
  muon_backend_steps: 5
  muon_beta2: 0.95
  muon_momentum: 0.99
  muon_momentum_warmup_start: 0.92
  muon_momentum_warmup_steps: 1500
  muon_row_normalize: True
  muon_wd: 0.085
  num_heads: 8
  num_kv_heads: 4
  num_layers: 11
  num_loops: 2
  parallel_start_layer: 7
  qk_gain_init: 4.0
  quantized_model_path: final_model.int6.ptz
  rank: 0
  rope_base: 10000.0
  rope_dims: 16
  rope_train_seq_len: 2048
  run_id: 98bb7cd6-1d43-4167-bcc9-19200d6d7fb2
  scalar_lr: 0.02
  seed: 2025
  skip_gates_enabled: True
  sliding_window_enabled: True
  tie_embeddings: True
  tied_embed_init_std: 0.005
  tied_embed_lr: 0.03
  tokenizer_path: ./data/tokenizers/fineweb_8192_bpe.model
  train_batch_tokens: 786432
  train_files: ./data/datasets/fineweb10B_sp8192/fineweb_train_*.bin
  train_log_every: 500
  train_seq_len: 2048
  val_batch_tokens: 524288
  val_files: ./data/datasets/fineweb10B_sp8192/fineweb_val_*.bin
  val_loss_every: 4000
  vocab_size: 8192
  warmdown_frac: 0.667
  warmup_steps: 20
  world_size: 8
  xsa_last_n: 11
train_shards: 128
val_tokens: 40540160
model_params:35943512
gptq:reserving 12s, effective=588000ms
warmup_step: 1/20
warmup_step: 2/20
warmup_step: 3/20
warmup_step: 4/20
warmup_step: 5/20
warmup_step: 6/20
warmup_step: 10/20
warmup_step: 20/20
loop_warmup:enabled encoder:[0, 1, 2, 3, 4, 5, 4] decoder:[5, 4, 5, 6, 7, 8, 9, 10]
loop_warmup_step: 1/20
loop_warmup_step: 2/20
loop_warmup_step: 3/20
loop_warmup_step: 4/20
loop_warmup_step: 5/20
loop_warmup_step: 6/20
loop_warmup_step: 10/20
loop_warmup_step: 20/20
0/20000 val_loss: 9.0067 val_bpb: 3.4868
1/20000 train_loss: 9.0104 train_time: 0.0m tok/s: 7986673
2/20000 train_loss: 12.3810 train_time: 0.0m tok/s: 7990325
3/20000 train_loss: 11.1231 train_time: 0.0m tok/s: 7950587
4/20000 train_loss: 9.5025 train_time: 0.0m tok/s: 7919191
5/20000 train_loss: 8.4666 train_time: 0.0m tok/s: 7905525
500/20000 train_loss: 3.4009 train_time: 0.8m tok/s: 7713323
1000/20000 train_loss: 3.2113 train_time: 1.7m tok/s: 7696059
1500/20000 train_loss: 3.2054 train_time: 2.6m tok/s: 7696571
2000/20000 train_loss: 3.1325 train_time: 3.4m tok/s: 7697640
2500/20000 train_loss: 2.9975 train_time: 4.3m tok/s: 7695430
layer_loop:enabled step:2877 frac:0.500 encoder:[0, 1, 2, 3, 4, 5, 4] decoder:[5, 4, 5, 6, 7, 8, 9, 10]
3000/20000 train_loss: 2.9987 train_time: 5.2m tok/s: 7597947
3500/20000 train_loss: 3.0134 train_time: 6.3m tok/s: 7288254
4000/20000 train_loss: 2.9576 train_time: 7.4m tok/s: 7071881
4000/20000 val_loss: 2.9232 val_bpb: 1.1317
4500/20000 train_loss: 2.9343 train_time: 8.5m tok/s: 6913667
5000/20000 train_loss: 2.9191 train_time: 9.7m tok/s: 6770717
5055/20000 val_loss: 2.8180 val_bpb: 1.0909
stopping_early: wallclock_cap train_time: 588116ms step: 5055/20000
peak memory allocated: 34604 MiB reserved: 34708 MiB
ema:applying EMA weights
pre-quantization post-ema val_loss:2.81558464 val_bpb:1.09000056 eval_time:7304ms
Serialized model: 135426937 bytes
Code size: 15798 bytes
GPTQ:collecting Hessians from calibration data...
GPTQ:collected 67 Hessians in 11.4s
Quantized weights:
  gptq (int6): blocks.attn.c_k.weight, blocks.attn.c_q.weight, blocks.attn.c_v.weight, blocks.attn.proj.weight, blocks.mlp.fc.weight, blocks.mlp.proj.weight
  gptq (int8): tok_emb.weight
  passthrough (float16): blocks.attn.q_gain, blocks.attn_scale, blocks.mlp_scale, blocks.resid_mix, skip_gates, skip_weights
Serialized model quantized+brotli: 15971134 bytes
Total submission size quantized+brotli: 15986932 bytes
final_int6_roundtrip_exact val_loss:2.84667194 val_bpb:1.10203542 eval_time:28343ms
final_int6_sliding_window val_loss:2.80365174 val_bpb:1.08538096 eval_time:114844ms
