====================================================================================================
Hyperparameters:
  adam_eps: 1e-08
  adam_wd: 0.02
  beta1: 0.9
  beta2: 0.95
  compressor: brotli
  data_dir: /workspace/pgolf/data/
  datasets_dir: /workspace/pgolf/data/datasets/fineweb10B_sp8192
  distributed: True
  dump_ppm_inputs: False
  dump_ppm_path: ppm_inputs.npz
  ema_decay: 0.9965
  embed_bits: 8
  embed_clip_sigmas: 20.0
  embed_lr: 0.6
  embed_wd: 0.085
  embedding_dim: 512
  enable_looping_at: 0.35
  etlb_clip: 3.0
  etlb_enabled: False
  etlb_lr: 0.05
  etlb_steps: 5
  eval_seq_len: 2048
  eval_stride: 64
  gptq_calibration_batches: 64
  gptq_reserve_seconds: 12.0
  grad_accum_steps: 1
  grad_clip_norm: 0.3
  head_lr: 0.008
  is_main_process: True
  iterations: 4500
  ln_scale: True
  local_rank: 0
  logfile: logs/final_seed314.txt
  logit_softcap: 30.0
  loop_end: 5
  loop_start: 3
  matrix_bits: 6
  matrix_clip_sigmas: 12.85
  matrix_lr: 0.022
  max_wallclock_seconds: 2000.0
  min_lr: 0.0
  mlp_mult: 4.0
  model_dim: 512
  model_path: final_model.pt
  muon_backend_steps: 5
  muon_beta2: 0.95
  muon_momentum: 0.99
  muon_momentum_warmup_start: 0.92
  muon_momentum_warmup_steps: 1500
  muon_row_normalize: True
  muon_wd: 0.095
  num_heads: 8
  num_kv_heads: 4
  num_layers: 11
  num_loops: 2
  parallel_residual_start: 7
  ppm_h: 0.99
  ppm_l: 0.2
  ppm_mixer_enabled: True
  ppm_order: 5
  ppm_t: 0.8
  qk_gain_init: 5.0
  quantized_model_path: final_model.int6.ptz
  rank: 0
  rope_base: 10000.0
  rope_dims: 16
  rope_train_seq_len: 2048
  run_id: final_seed314
  scalar_lr: 0.02
  seed: 314
  skip_gates_enabled: True
  sliding_window_enabled: True
  tie_embeddings: True
  tied_embed_init_std: 0.005
  tied_embed_lr: 0.03
  tokenizer_path: /workspace/pgolf/data/tokenizers/fineweb_8192_bpe.model
  train_batch_tokens: 786432
  train_files: /workspace/pgolf/data/datasets/fineweb10B_sp8192/fineweb_train_*.bin
  train_log_every: 500
  train_seq_len: 2048
  ttt_chunk_tokens: 32768
  ttt_enabled: False
  ttt_epochs: 3
  ttt_lr: 0.005
  ttt_momentum: 0.9
  val_batch_tokens: 524288
  val_files: /workspace/pgolf/data/datasets/fineweb10B_sp8192/fineweb_val_*.bin
  val_loss_every: 4000
  vocab_size: 8192
  warmdown_frac: 0.72
  warmup_steps: 20
  world_size: 8
  xsa_last_n: 11
====================================================================================================
Running Python 3.11.10 (main, Sep  7 2024, 18:35:41) [GCC 11.4.0]
Running PyTorch 2.4.1+cu124
Thu Apr 30 15:19:33 2026       
+-----------------------------------------------------------------------------------------+
| NVIDIA-SMI 565.57.01              Driver Version: 565.57.01      CUDA Version: 12.7     |
|-----------------------------------------+------------------------+----------------------+
| GPU  Name                 Persistence-M | Bus-Id          Disp.A | Volatile Uncorr. ECC |
| Fan  Temp   Perf          Pwr:Usage/Cap |           Memory-Usage | GPU-Util  Compute M. |
|                                         |                        |               MIG M. |
|=========================================+========================+======================|
|   0  NVIDIA H100 80GB HBM3          On  |   00000000:18:00.0 Off |                    0 |
| N/A   33C    P0            147W /  700W |     802MiB /  81559MiB |      0%      Default |
|                                         |                        |             Disabled |
+-----------------------------------------+------------------------+----------------------+
|   1  NVIDIA H100 80GB HBM3          On  |   00000000:2A:00.0 Off |                    0 |
| N/A   34C    P0            147W /  700W |     802MiB /  81559MiB |      0%      Default |
|                                         |                        |             Disabled |
+-----------------------------------------+------------------------+----------------------+
|   2  NVIDIA H100 80GB HBM3          On  |   00000000:3A:00.0 Off |                    0 |
| N/A   35C    P0            151W /  700W |     802MiB /  81559MiB |      0%      Default |
|                                         |                        |             Disabled |
+-----------------------------------------+------------------------+----------------------+
|   3  NVIDIA H100 80GB HBM3          On  |   00000000:5D:00.0 Off |                    0 |
| N/A   33C    P0            151W /  700W |     802MiB /  81559MiB |      0%      Default |
|                                         |                        |             Disabled |
+-----------------------------------------+------------------------+----------------------+
|   4  NVIDIA H100 80GB HBM3          On  |   00000000:9A:00.0 Off |                    0 |
| N/A   32C    P0            145W /  700W |     802MiB /  81559MiB |      0%      Default |
|                                         |                        |             Disabled |
+-----------------------------------------+------------------------+----------------------+
|   5  NVIDIA H100 80GB HBM3          On  |   00000000:AB:00.0 Off |                    0 |
| N/A   34C    P0            144W /  700W |     802MiB /  81559MiB |      0%      Default |
|                                         |                        |             Disabled |
+-----------------------------------------+------------------------+----------------------+
|   6  NVIDIA H100 80GB HBM3          On  |   00000000:BA:00.0 Off |                    0 |
| N/A   33C    P0            144W /  700W |     802MiB /  81559MiB |      0%      Default |
|                                         |                        |             Disabled |
+-----------------------------------------+------------------------+----------------------+
|   7  NVIDIA H100 80GB HBM3          On  |   00000000:DB:00.0 Off |                    0 |
| N/A   33C    P0            151W /  700W |     802MiB /  81559MiB |      0%      Default |
|                                         |                        |             Disabled |
+-----------------------------------------+------------------------+----------------------+
                                                                                         
+-----------------------------------------------------------------------------------------+
| Processes:                                                                              |
|  GPU   GI   CI        PID   Type   Process name                              GPU Memory |
|        ID   ID                                                               Usage      |
|=========================================================================================|
+-----------------------------------------------------------------------------------------+

====================================================================================================
train_shards: 80
val_tokens: 40540160
model_params:35944536
gptq:reserving 12s, effective=1988000ms
warmup_step: 1/20
warmup_step: 2/20
warmup_step: 3/20
warmup_step: 4/20
warmup_step: 5/20
warmup_step: 6/20
warmup_step: 10/20
warmup_step: 20/20
loop_warmup:enabled encoder:[0, 1, 2, 3, 4, 5, 3, 4] decoder:[5, 3, 4, 5, 6, 7, 8, 9, 10]
loop_warmup_step: 1/20
loop_warmup_step: 2/20
loop_warmup_step: 3/20
loop_warmup_step: 4/20
loop_warmup_step: 5/20
loop_warmup_step: 6/20
loop_warmup_step: 10/20
loop_warmup_step: 20/20
0/4500 val_loss: 9.0083 val_bpb: 3.4874
1/4500 train_loss: 9.0109 train_time: 0.0m tok/s: 3803829
2/4500 train_loss: 12.1901 train_time: 0.0m tok/s: 3615122
3/4500 train_loss: 10.2981 train_time: 0.0m tok/s: 3381321
4/4500 train_loss: 8.7184 train_time: 0.0m tok/s: 3276889
5/4500 train_loss: 7.9010 train_time: 0.0m tok/s: 3214859
500/4500 train_loss: 3.3805 train_time: 2.3m tok/s: 2845915
1000/4500 train_loss: 3.2808 train_time: 4.4m tok/s: 2980355
1500/4500 train_loss: 3.1869 train_time: 6.4m tok/s: 3076734
2000/4500 train_loss: 3.0848 train_time: 8.4m tok/s: 3132005
2500/4500 train_loss: 3.1738 train_time: 10.3m tok/s: 3167493
layer_loop:enabled step:2816 frac:0.350 encoder:[0, 1, 2, 3, 4, 5, 3, 4] decoder:[5, 3, 4, 5, 6, 7, 8, 9, 10]
3000/4500 train_loss: 2.9709 train_time: 12.5m tok/s: 3145949
3500/4500 train_loss: 3.0137 train_time: 15.0m tok/s: 3066938
4000/4500 train_loss: 2.9198 train_time: 17.4m tok/s: 3011873
4000/4500 val_loss: 2.9778 val_bpb: 1.1528
4500/4500 train_loss: 2.9755 train_time: 19.8m tok/s: 2971636
4500/4500 val_loss: 2.9536 val_bpb: 1.1434
peak memory allocated: 50365 MiB reserved: 51844 MiB
ema:applying EMA weights
pre-quantization post-ema val_loss:2.86282204 val_bpb:1.10828763 eval_time:38742ms
Serialized model: 135430628 bytes
Code size: 67569 bytes
GPTQ:collecting Hessians from calibration data...
GPTQ:collected 67 Hessians in 13.4s
Quantized weights:
  gptq (int6): blocks.attn.c_k.weight, blocks.attn.c_q.weight, blocks.attn.c_v.weight, blocks.attn.proj.weight, blocks.mlp.fc.weight, blocks.mlp.proj.weight
  gptq (int8): tok_emb.weight
  passthrough (float16): blocks.attn.q_gain, blocks.attn_scale, blocks.mlp_scale, blocks.resid_mix, skip_gates, skip_weights
Serialized model quantized+brotli: 15971826 bytes
Total submission size quantized+brotli: 16039395 bytes
quantized val_loss:2.88440665 val_bpb:1.11664370 eval_time:57307ms
ppm_mixer val_bpb:0.94221188 eval_time:473297ms order=5 H=0.99 L=0.2 T=0.8 N_bytes=40540160
quantized_sliding_window val_loss:2.84072181 val_bpb:1.09973194 eval_time:610354ms
