Note: switching to '0e31670c06c9ea10df28c30a5632aa560a3011dc'.
You are in 'detached HEAD' state. You can look around, make experimental
changes and commit them, and you can discard any commits you make in this
state without impacting any branches by switching back to a branch.
If you want to create a new branch to retain commits you create, you may
do so (now or later) by using -c with the switch command. Example:
  git switch -c <new-branch-name>
Or undo this operation with:
  git switch -
Turn off this advice by setting config variable advice.detachedHead to false
HEAD is now at 0e31670 Sync W3 submission candidate (6ep TTT + causal SLOT + sys.exit fix)
Warning: You are sending unauthenticated requests to the HF Hub. Please set a HF_TOKEN to enable higher rate limits and faster downloads.
W0403 14:55:46.147000 1 torch/distributed/run.py:803] 
W0403 14:55:46.147000 1 torch/distributed/run.py:803] *****************************************
W0403 14:55:46.147000 1 torch/distributed/run.py:803] Setting OMP_NUM_THREADS environment variable for each process to be 1 in default, to avoid your system being overloaded, please further tune the variable for optimal performance in your application as needed. 
logs/04bebd6d-841e-4c75-a977-b72f0b139da6.txt
val_bpb:enabled tokenizer_kind=sentencepiece tokenizer_path=./tokenizers/fineweb_1024_bpe.model
train_loader:dataset:fineweb10B_sp1024 train_shards:80
val_loader:shards pattern=./datasets/fineweb10B_sp1024/fineweb_val_*.bin tokens:62021632
model_params:26993756
mtp_num_heads:0 mtp_loss_weight:0.2 mtp_params:0
XSA:last_11 active_layers:[0, 1, 2, 3, 4, 5, 6, 7, 8, 9, 10]
world_size:8 grad_accum_steps:1
sdp_backends:cudnn=False flash=True mem_efficient=False math=False
attention_mode:gqa num_heads:8 num_kv_heads:4
tie_embeddings:True embed_lr:0.035 head_lr:0.0 matrix_lr:0.025 scalar_lr:0.025
train_batch_tokens:786432 train_seq_len:2048 iterations:20000 warmup_steps:20 max_wallclock_seconds:600.000
seed:2025
warmup_step:1/20
warmup_step:2/20
warmup_step:3/20
warmup_step:4/20
warmup_step:5/20
warmup_step:6/20
warmup_step:7/20
warmup_step:8/20
warmup_step:9/20
warmup_step:10/20
warmup_step:11/20
warmup_step:12/20
warmup_step:13/20
warmup_step:14/20
warmup_step:15/20
warmup_step:16/20
warmup_step:17/20
warmup_step:18/20
warmup_step:19/20
warmup_step:20/20
step:0/20000 val_loss:6.9277 val_bpb:4.1030 train_time:0ms step_avg:0.02ms
step:1/20000 train_loss:6.9281 train_time:144ms step_avg:143.73ms
step:2/20000 train_loss:8.6284 train_time:180ms step_avg:90.08ms
step:3/20000 train_loss:7.5992 train_time:261ms step_avg:86.99ms
step:4/20000 train_loss:7.3494 train_time:345ms step_avg:86.17ms
step:5/20000 train_loss:7.2020 train_time:428ms step_avg:85.52ms
step:6/20000 train_loss:7.0897 train_time:512ms step_avg:85.37ms
step:7/20000 train_loss:6.8869 train_time:600ms step_avg:85.66ms
step:8/20000 train_loss:6.8015 train_time:681ms step_avg:85.08ms
step:9/20000 train_loss:6.4797 train_time:765ms step_avg:85.04ms
step:10/20000 train_loss:6.0409 train_time:850ms step_avg:84.96ms
step:500/20000 train_loss:2.3912 train_time:43157ms step_avg:86.31ms
step:1000/20000 train_loss:2.2550 train_time:86755ms step_avg:86.75ms
step:1500/20000 train_loss:2.2050 train_time:130162ms step_avg:86.77ms
step:2000/20000 train_loss:2.0519 train_time:173790ms step_avg:86.90ms
step:2500/20000 train_loss:2.1575 train_time:217382ms step_avg:86.95ms
step:3000/20000 train_loss:2.1460 train_time:260968ms step_avg:86.99ms
step:3500/20000 train_loss:2.1665 train_time:304556ms step_avg:87.02ms
step:4000/20000 train_loss:1.9575 train_time:348130ms step_avg:87.03ms
step:4000/20000 val_loss:2.0476 val_bpb:1.2127 train_time:348187ms step_avg:87.05ms
step:4500/20000 train_loss:2.1087 train_time:391721ms step_avg:87.05ms
step:5000/20000 train_loss:2.0878 train_time:435225ms step_avg:87.04ms
step:5500/20000 train_loss:2.0042 train_time:478760ms step_avg:87.05ms
step:6000/20000 train_loss:1.9257 train_time:522264ms step_avg:87.04ms
swa:start step:6200
late_qat:enabled step:6364 scale:0.1498
step:6500/20000 train_loss:2.0638 train_time:566239ms step_avg:87.11ms
step:6881/20000 val_loss:1.9224 val_bpb:1.1385 train_time:600083ms step_avg:87.21ms
stopping_early: wallclock_cap train_time:600083ms step:6881/20000
peak memory allocated: 22860 MiB reserved: 23042 MiB
ema:applying EMA weights
DIAGNOSTIC post_ema val_loss:1.9207 val_bpb:1.1375 eval_time:2090ms
ttt:start lr=0.0005 epochs=6 freeze_blocks=2 cosine_decay=True
ttt_adamw:params trainable=26989644 frozen=4112
ttt_adamw:epoch 1/6 loss:1.9398 time:18.7s
ttt_adamw:epoch 2/6 loss:1.9144 time:37.2s
ttt_adamw:epoch 3/6 loss:1.9029 time:55.6s
ttt_adamw:epoch 4/6 loss:1.8929 time:74.1s
ttt_adamw:epoch 5/6 loss:1.8847 time:92.5s
ttt_adamw:epoch 6/6 loss:1.8790 time:111.0s
ttt_adamw:done elapsed=111.0s
ttt:elapsed=111.0s
DIAGNOSTIC post_ttt val_loss:1.8756 val_bpb:1.1108 eval_time:6081ms
Serialized model: 106158518 bytes
Code size: 112105 bytes
gptq:building non-banked model for Hessian collection...
gptq:collecting hessians from training data (256 batches)...
gptq:collected hessians for 68 layers (training data)
selective_prune: 4093004 ±1 candidates, unpruned=15.20MB target=15.9MB
selective_prune: already fits, no pruning needed
Serialized model int6+lzma: 15826068 bytes
Total submission size int6+lzma: 15938173 bytes
final_int6_roundtrip val_loss:1.8824 val_bpb:1.1148 eval_time:22161ms
final_int6_roundtrip_exact val_loss:1.88235912 val_bpb:1.11483910
final_int6_sliding_window val_loss:1.8469 val_bpb:1.0938 stride:64 eval_time:112223ms
final_int6_sliding_window_exact val_loss:1.84685101 val_bpb:1.09381209
final_int8_zlib_roundtrip_exact val_loss:1.84685101 val_bpb:1.09381209
causal_slot:start lr=0.005 steps=8 stride=64 windows=121136 batches=3786
  causal_slot:batch 1/3786 time:0.1s
  causal_slot:batch 501/3786 time:39.6s
  causal_slot:batch 1001/3786 time:79.1s
  causal_slot:batch 1501/3786 time:118.6s
  causal_slot:batch 2001/3786 time:158.0s
  causal_slot:batch 2501/3786 time:197.4s
  causal_slot:batch 3001/3786 time:236.9s
  causal_slot:batch 3501/3786 time:276.4s
  causal_slot:batch 3786/3786 time:298.9s
final_causal_slot val_loss:1.8326 val_bpb:1.0854 time:300026ms
final_causal_slot_exact val_loss:1.83258919 val_bpb:1.08536542
final_int8_zlib_roundtrip_exact val_loss:1.83258919 val_bpb:1.08536542
