Note: switching to '77e13c6fe64037511d2ab1e0af0b4802b80c7985'.
You are in 'detached HEAD' state. You can look around, make experimental
changes and commit them, and you can discard any commits you make in this
state without impacting any branches by switching back to a branch.
If you want to create a new branch to retain commits you create, you may
do so (now or later) by using -c with the switch command. Example:
  git switch -c <new-branch-name>
Or undo this operation with:
  git switch -
Turn off this advice by setting config variable advice.detachedHead to false
HEAD is now at 77e13c6 Seed=42 for variance check
Warning: You are sending unauthenticated requests to the HF Hub. Please set a HF_TOKEN to enable higher rate limits and faster downloads.
W0404 04:59:13.897000 1 torch/distributed/run.py:803] 
W0404 04:59:13.897000 1 torch/distributed/run.py:803] *****************************************
W0404 04:59:13.897000 1 torch/distributed/run.py:803] Setting OMP_NUM_THREADS environment variable for each process to be 1 in default, to avoid your system being overloaded, please further tune the variable for optimal performance in your application as needed. 
logs/8ffe5ef0-521b-4f7e-8102-445b34cf06b2.txt
val_bpb:enabled tokenizer_kind=sentencepiece tokenizer_path=./tokenizers/fineweb_1024_bpe.model
train_loader:dataset:fineweb10B_sp1024 train_shards:80
val_loader:shards pattern=./datasets/fineweb10B_sp1024/fineweb_val_*.bin tokens:62021632
model_params:26993756
mtp_num_heads:0 mtp_loss_weight:0.2 mtp_params:0
XSA:last_11 active_layers:[0, 1, 2, 3, 4, 5, 6, 7, 8, 9, 10]
world_size:8 grad_accum_steps:1
sdp_backends:cudnn=False flash=True mem_efficient=False math=False
attention_mode:gqa num_heads:8 num_kv_heads:4
tie_embeddings:True embed_lr:0.035 head_lr:0.0 matrix_lr:0.025 scalar_lr:0.025
train_batch_tokens:786432 train_seq_len:2048 iterations:20000 warmup_steps:20 max_wallclock_seconds:600.000
seed:42
warmup_step:1/20
warmup_step:2/20
warmup_step:3/20
warmup_step:4/20
warmup_step:5/20
warmup_step:6/20
warmup_step:7/20
warmup_step:8/20
warmup_step:9/20
warmup_step:10/20
warmup_step:11/20
warmup_step:12/20
warmup_step:13/20
warmup_step:14/20
warmup_step:15/20
warmup_step:16/20
warmup_step:17/20
warmup_step:18/20
warmup_step:19/20
warmup_step:20/20
step:0/20000 val_loss:6.9297 val_bpb:4.1042 train_time:0ms step_avg:0.02ms
step:1/20000 train_loss:6.9319 train_time:142ms step_avg:141.52ms
step:2/20000 train_loss:8.6619 train_time:176ms step_avg:87.75ms
step:3/20000 train_loss:7.5828 train_time:257ms step_avg:85.79ms
step:4/20000 train_loss:7.3372 train_time:341ms step_avg:85.37ms
step:5/20000 train_loss:7.2641 train_time:426ms step_avg:85.14ms
step:6/20000 train_loss:7.0675 train_time:510ms step_avg:85.00ms
step:7/20000 train_loss:6.8786 train_time:594ms step_avg:84.93ms
step:8/20000 train_loss:6.8213 train_time:678ms step_avg:84.71ms
step:9/20000 train_loss:6.4793 train_time:762ms step_avg:84.63ms
step:10/20000 train_loss:6.0523 train_time:846ms step_avg:84.63ms
step:500/20000 train_loss:2.3919 train_time:42880ms step_avg:85.76ms
step:1000/20000 train_loss:2.2587 train_time:86196ms step_avg:86.20ms
step:1500/20000 train_loss:2.2023 train_time:129490ms step_avg:86.33ms
step:2000/20000 train_loss:2.0453 train_time:172927ms step_avg:86.46ms
step:2500/20000 train_loss:2.1494 train_time:216268ms step_avg:86.51ms
step:3000/20000 train_loss:2.1449 train_time:259743ms step_avg:86.58ms
step:3500/20000 train_loss:2.1526 train_time:303122ms step_avg:86.61ms
step:4000/20000 train_loss:1.9455 train_time:346558ms step_avg:86.64ms
step:4000/20000 val_loss:2.0366 val_bpb:1.2062 train_time:346612ms step_avg:86.65ms
step:4500/20000 train_loss:2.0987 train_time:389915ms step_avg:86.65ms
step:5000/20000 train_loss:2.0807 train_time:433281ms step_avg:86.66ms
step:5500/20000 train_loss:1.9957 train_time:476633ms step_avg:86.66ms
step:6000/20000 train_loss:1.9228 train_time:520032ms step_avg:86.67ms
swa:start step:6150
late_qat:enabled step:6318 scale:0.1500
step:6500/20000 train_loss:2.0647 train_time:563945ms step_avg:86.76ms
step:6909/20000 val_loss:1.9192 val_bpb:1.1366 train_time:600139ms step_avg:86.86ms
stopping_early: wallclock_cap train_time:600139ms step:6909/20000
peak memory allocated: 22860 MiB reserved: 23042 MiB
ema:applying EMA weights
DIAGNOSTIC post_ema val_loss:1.9175 val_bpb:1.1357 eval_time:2103ms
ttt:start lr=0.0005 epochs=6 freeze_blocks=2 cosine_decay=True
ttt_adamw:params trainable=26989644 frozen=4112
ttt_adamw:epoch 1/6 loss:1.9367 time:18.6s
ttt_adamw:epoch 2/6 loss:1.9113 time:37.0s
ttt_adamw:epoch 3/6 loss:1.8993 time:55.4s
ttt_adamw:epoch 4/6 loss:1.8889 time:73.7s
ttt_adamw:epoch 5/6 loss:1.8804 time:92.1s
ttt_adamw:epoch 6/6 loss:1.8744 time:110.5s
ttt_adamw:done elapsed=110.5s
ttt:elapsed=110.5s
DIAGNOSTIC post_ttt val_loss:1.8709 val_bpb:1.1081 eval_time:6056ms
Serialized model: 106158518 bytes
Code size: 113455 bytes
gptq:building non-banked model for Hessian collection...
gptq:collecting hessians from training data (256 batches)...
gptq:collected hessians for 68 layers (training data)
selective_prune: 4195327 ±1 candidates, unpruned=15.08MB target=15.9MB
selective_prune: already fits, no pruning needed
Serialized model int6+lzma: 15695320 bytes
Total submission size int6+lzma: 15808775 bytes
final_int6_roundtrip val_loss:1.8785 val_bpb:1.1125 eval_time:22417ms
final_int6_roundtrip_exact val_loss:1.87847198 val_bpb:1.11253692
final_int6_sliding_window val_loss:1.8433 val_bpb:1.0917 stride:64 eval_time:112606ms
final_int6_sliding_window_exact val_loss:1.84332531 val_bpb:1.09172397
final_int8_zlib_roundtrip_exact val_loss:1.84332531 val_bpb:1.09172397
causal_slot_lbfgs:start max_iter=25 history=20 focal=128 clip=5.0 vocab=1024 stride=64 windows=121136 batches=3786
  causal_slot_lbfgs:batch 1/3786 time:0.2s
  causal_slot_lbfgs:batch 501/3786 time:73.2s
  causal_slot_lbfgs:batch 1001/3786 time:145.8s
  causal_slot_lbfgs:batch 1501/3786 time:218.3s
  causal_slot_lbfgs:batch 2001/3786 time:290.6s
  causal_slot_lbfgs:batch 2501/3786 time:363.1s
  causal_slot_lbfgs:batch 3001/3786 time:435.5s
  causal_slot_lbfgs:batch 3501/3786 time:507.9s
  causal_slot_lbfgs:batch 3786/3786 time:549.5s
final_causal_slot val_loss:1.6965 val_bpb:1.0048 time:555363ms
final_causal_slot_exact val_loss:1.69651823 val_bpb:1.00477631
final_int8_zlib_roundtrip_exact val_loss:1.69651823 val_bpb:1.00477631
