Note: switching to 'cdb50b3aa7367e6a2608b644d8c0f01174503d93'.
You are in 'detached HEAD' state. You can look around, make experimental
changes and commit them, and you can discard any commits you make in this
state without impacting any branches by switching back to a branch.
If you want to create a new branch to retain commits you create, you may
do so (now or later) by using -c with the switch command. Example:
  git switch -c <new-branch-name>
Or undo this operation with:
  git switch -
Turn off this advice by setting config variable advice.detachedHead to false
HEAD is now at cdb50b3 Seed=2025 for 3-seed validation
Warning: You are sending unauthenticated requests to the HF Hub. Please set a HF_TOKEN to enable higher rate limits and faster downloads.
W0404 05:30:43.918000 1 torch/distributed/run.py:803] 
W0404 05:30:43.918000 1 torch/distributed/run.py:803] *****************************************
W0404 05:30:43.918000 1 torch/distributed/run.py:803] Setting OMP_NUM_THREADS environment variable for each process to be 1 in default, to avoid your system being overloaded, please further tune the variable for optimal performance in your application as needed. 
logs/efc3c019-ec80-4da5-ac0d-b252e1b078bb.txt
val_bpb:enabled tokenizer_kind=sentencepiece tokenizer_path=./tokenizers/fineweb_1024_bpe.model
train_loader:dataset:fineweb10B_sp1024 train_shards:80
val_loader:shards pattern=./datasets/fineweb10B_sp1024/fineweb_val_*.bin tokens:62021632
model_params:26993756
mtp_num_heads:0 mtp_loss_weight:0.2 mtp_params:0
XSA:last_11 active_layers:[0, 1, 2, 3, 4, 5, 6, 7, 8, 9, 10]
world_size:8 grad_accum_steps:1
sdp_backends:cudnn=False flash=True mem_efficient=False math=False
attention_mode:gqa num_heads:8 num_kv_heads:4
tie_embeddings:True embed_lr:0.035 head_lr:0.0 matrix_lr:0.025 scalar_lr:0.025
train_batch_tokens:786432 train_seq_len:2048 iterations:20000 warmup_steps:20 max_wallclock_seconds:600.000
seed:2025
warmup_step:1/20
warmup_step:2/20
warmup_step:3/20
warmup_step:4/20
warmup_step:5/20
warmup_step:6/20
warmup_step:7/20
warmup_step:8/20
warmup_step:9/20
warmup_step:10/20
warmup_step:11/20
warmup_step:12/20
warmup_step:13/20
warmup_step:14/20
warmup_step:15/20
warmup_step:16/20
warmup_step:17/20
warmup_step:18/20
warmup_step:19/20
warmup_step:20/20
step:0/20000 val_loss:6.9277 val_bpb:4.1030 train_time:0ms step_avg:0.02ms
step:1/20000 train_loss:6.9281 train_time:138ms step_avg:138.25ms
step:2/20000 train_loss:8.6458 train_time:184ms step_avg:92.13ms
step:3/20000 train_loss:7.5615 train_time:252ms step_avg:83.94ms
step:4/20000 train_loss:7.3543 train_time:335ms step_avg:83.80ms
step:5/20000 train_loss:7.1975 train_time:419ms step_avg:83.75ms
step:6/20000 train_loss:7.0622 train_time:502ms step_avg:83.72ms
step:7/20000 train_loss:6.8412 train_time:586ms step_avg:83.69ms
step:8/20000 train_loss:6.7553 train_time:669ms step_avg:83.61ms
step:9/20000 train_loss:6.4544 train_time:753ms step_avg:83.63ms
step:10/20000 train_loss:6.0157 train_time:836ms step_avg:83.62ms
step:500/20000 train_loss:2.3813 train_time:42826ms step_avg:85.65ms
step:1000/20000 train_loss:2.2460 train_time:86126ms step_avg:86.13ms
step:1500/20000 train_loss:2.2020 train_time:129322ms step_avg:86.21ms
step:2000/20000 train_loss:2.0431 train_time:172662ms step_avg:86.33ms
step:2500/20000 train_loss:2.1516 train_time:215974ms step_avg:86.39ms
step:3000/20000 train_loss:2.1422 train_time:259311ms step_avg:86.44ms
step:3500/20000 train_loss:2.1539 train_time:302621ms step_avg:86.46ms
step:4000/20000 train_loss:1.9451 train_time:345950ms step_avg:86.49ms
step:4000/20000 val_loss:2.0367 val_bpb:1.2062 train_time:346007ms step_avg:86.50ms
step:4500/20000 train_loss:2.0968 train_time:389264ms step_avg:86.50ms
step:5000/20000 train_loss:2.0831 train_time:432614ms step_avg:86.52ms
step:5500/20000 train_loss:1.9968 train_time:475888ms step_avg:86.53ms
step:6000/20000 train_loss:1.9222 train_time:519232ms step_avg:86.54ms
swa:start step:6150
late_qat:enabled step:6328 scale:0.1498
step:6500/20000 train_loss:2.0640 train_time:563311ms step_avg:86.66ms
step:6914/20000 val_loss:1.9192 val_bpb:1.1366 train_time:600093ms step_avg:86.79ms
stopping_early: wallclock_cap train_time:600093ms step:6914/20000
peak memory allocated: 22860 MiB reserved: 23042 MiB
ema:applying EMA weights
DIAGNOSTIC post_ema val_loss:1.9175 val_bpb:1.1357 eval_time:2090ms
ttt:start lr=0.0005 epochs=6 freeze_blocks=2 cosine_decay=True
ttt_adamw:params trainable=26989644 frozen=4112
ttt_adamw:epoch 1/6 loss:1.9370 time:18.6s
ttt_adamw:epoch 2/6 loss:1.9112 time:36.9s
ttt_adamw:epoch 3/6 loss:1.8995 time:55.3s
ttt_adamw:epoch 4/6 loss:1.8892 time:73.6s
ttt_adamw:epoch 5/6 loss:1.8807 time:91.9s
ttt_adamw:epoch 6/6 loss:1.8747 time:110.3s
ttt_adamw:done elapsed=110.3s
ttt:elapsed=110.3s
DIAGNOSTIC post_ttt val_loss:1.8713 val_bpb:1.1083 eval_time:6046ms
Serialized model: 106158518 bytes
Code size: 113457 bytes
gptq:building non-banked model for Hessian collection...
gptq:collecting hessians from training data (256 batches)...
gptq:collected hessians for 68 layers (training data)
selective_prune: 4195735 ±1 candidates, unpruned=15.06MB target=15.9MB
selective_prune: already fits, no pruning needed
Serialized model int6+lzma: 15680820 bytes
Total submission size int6+lzma: 15794277 bytes
final_int6_roundtrip val_loss:1.8787 val_bpb:1.1127 eval_time:22783ms
final_int6_roundtrip_exact val_loss:1.87866500 val_bpb:1.11265123
final_int6_sliding_window val_loss:1.8434 val_bpb:1.0918 stride:64 eval_time:112964ms
final_int6_sliding_window_exact val_loss:1.84338836 val_bpb:1.09176131
final_int8_zlib_roundtrip_exact val_loss:1.84338836 val_bpb:1.09176131
causal_slot_lbfgs:start max_iter=25 history=20 focal=128 clip=5.0 vocab=1024 stride=64 windows=121136 batches=3786
  causal_slot_lbfgs:batch 1/3786 time:0.2s
  causal_slot_lbfgs:batch 501/3786 time:73.5s
  causal_slot_lbfgs:batch 1001/3786 time:146.7s
  causal_slot_lbfgs:batch 1501/3786 time:220.3s
  causal_slot_lbfgs:batch 2001/3786 time:293.9s
  causal_slot_lbfgs:batch 2501/3786 time:366.8s
  causal_slot_lbfgs:batch 3001/3786 time:439.7s
  causal_slot_lbfgs:batch 3501/3786 time:513.1s
  causal_slot_lbfgs:batch 3786/3786 time:554.7s
final_causal_slot val_loss:1.6964 val_bpb:1.0047 time:559145ms
final_causal_slot_exact val_loss:1.69639116 val_bpb:1.00470105
final_int8_zlib_roundtrip_exact val_loss:1.69639116 val_bpb:1.00470105
